#
# There is insufficient memory for the Java Runtime Environment to continue.
# Native memory allocation (malloc) failed to allocate 1303376 bytes for Chunk::new
# Possible reasons:
#   The system is out of physical RAM or swap space
#   The process is running with CompressedOops enabled, and the Java Heap may be blocking the growth of the native heap
# Possible solutions:
#   Reduce memory load on the system
#   Increase physical memory or swap space
#   Check if swap backing store is full
#   Decrease Java heap size (-Xmx/-Xms)
#   Decrease number of Java threads
#   Decrease Java thread stack sizes (-Xss)
#   Set larger code cache with -XX:ReservedCodeCacheSize=
#   JVM is running with Unscaled Compressed Oops mode in which the Java heap is
#     placed in the first 4GB address space. The Java Heap base address is the
#     maximum limit for the native heap growth. Please use -XX:HeapBaseMinAddress
#     to set the Java Heap base and to place the Java Heap above 4GB virtual address.
# This output file may be truncated or incomplete.
#
#  Out of Memory Error (t:/workspace/open/src/hotspot/share/memory/arena.cpp:197), pid=16480, tid=4700
#
# JRE version: OpenJDK Runtime Environment (11.0.2+9) (build 11.0.2+9)
# Java VM: OpenJDK 64-Bit Server VM (11.0.2+9, mixed mode, tiered, compressed oops, g1 gc, windows-amd64)
# No core dump will be written. Minidumps are not enabled by default on client versions of Windows
#

---------------  S U M M A R Y ------------

Command Line: --add-opens=java.base/java.util=ALL-UNNAMED --add-opens=java.base/java.lang=ALL-UNNAMED --add-opens=java.base/java.lang.invoke=ALL-UNNAMED --add-opens=java.prefs/java.util.prefs=ALL-UNNAMED -XX:MaxMetaspaceSize=256m -XX:+HeapDumpOnOutOfMemoryError -Xms256m -Xmx512m -Dfile.encoding=windows-1251 -Duser.country=RU -Duser.language=ru -Duser.variant org.gradle.launcher.daemon.bootstrap.GradleDaemon 6.6

Host: Intel(R) Core(TM) i5-3230M CPU @ 2.60GHz, 4 cores, 5G,  Windows 10 , 64 bit Build 18362 (10.0.18362.959)
Time: Wed Aug 26 02:49:38 2020 RTZ 2 (ceia) elapsed time: 37 seconds (0d 0h 0m 37s)

---------------  T H R E A D  ---------------

Current thread (0x0000020f4218f000):  JavaThread "C2 CompilerThread0" daemon [_thread_in_native, id=4700, stack(0x000000a898a00000,0x000000a898b00000)]


Current CompileTask:
C2:  37990 4717       4       java.net.URLClassLoader$1::run (5 bytes)

Stack: [0x000000a898a00000,0x000000a898b00000]
Native frames: (J=compiled Java code, j=interpreted, Vv=VM code, C=native code)
V  [jvm.dll+0x63489a]
V  [verify.dll+0x771f9f]
V  [iertutil.dll+0x773648]
V  [combase.dll+0x773d03]
V  [jvm.dll+0x25eba8]
V  [shlwapi.dll+0xc2191]
V  [jvm.dll+0xc271c]
V  [WS2_32.dll+0x36cc47]
V  [jvm.dll+0x1a97d1]
V  [mswsock.dll+0x218ad2]
V  [gdi32full.dll+0x217b6a]
V  [cfgmgr32.dll+0x194370]
V  [jvm.dll+0x226b3f]
V  [CRYPTBASE.DLL+0x225148]
V  [combase.dll+0x73774d]
V  [RPCRT4.dll+0x633942]
C  [+0x20e82]
C  [KERNEL32.DLL+0x17bd4]
C  [ntdll.dll+0x6ce51]


---------------  P R O C E S S  ---------------

Threads class SMR info:
_java_thread_list=0x0000020f444e30f0, length=44, elements={
0x0000020f27646000, 0x0000020f4217f000, 0x0000020f4214a800, 0x0000020f4218c000,
0x0000020f4218d000, 0x0000020f4218f000, 0x0000020f42196800, 0x0000020f42198800,
0x0000020f42c52800, 0x0000020f42c68800, 0x0000020f44809800, 0x0000020f42ed8800,
0x0000020f4439a800, 0x0000020f4392f000, 0x0000020f42d81000, 0x0000020f42dfc800,
0x0000020f435e5800, 0x0000020f43320800, 0x0000020f42ed2800, 0x0000020f43c0f000,
0x0000020f447fe800, 0x0000020f447fc800, 0x0000020f447fd000, 0x0000020f447fe000,
0x0000020f446f6800, 0x0000020f446f2800, 0x0000020f446f4800, 0x0000020f446f5000,
0x0000020f446f3800, 0x0000020f446f6000, 0x0000020f446f2000, 0x0000020f446f8800,
0x0000020f446fb800, 0x0000020f446f9000, 0x0000020f446fa000, 0x0000020f446fb000,
0x0000020f446fc800, 0x0000020f446fd000, 0x0000020f446f7800, 0x0000020f446fe000,
0x0000020f446ff000, 0x0000020f446ff800, 0x0000020f4729a000, 0x0000020f450cd000
}

Java Threads: ( => current thread )
  0x0000020f27646000 JavaThread "main" [_thread_blocked, id=9744, stack(0x000000a897f00000,0x000000a898000000)]
  0x0000020f4217f000 JavaThread "Reference Handler" daemon [_thread_blocked, id=16228, stack(0x000000a898600000,0x000000a898700000)]
  0x0000020f4214a800 JavaThread "Finalizer" daemon [_thread_blocked, id=5768, stack(0x000000a898700000,0x000000a898800000)]
  0x0000020f4218c000 JavaThread "Signal Dispatcher" daemon [_thread_blocked, id=17272, stack(0x000000a898800000,0x000000a898900000)]
  0x0000020f4218d000 JavaThread "Attach Listener" daemon [_thread_blocked, id=18488, stack(0x000000a898900000,0x000000a898a00000)]
=>0x0000020f4218f000 JavaThread "C2 CompilerThread0" daemon [_thread_in_native, id=4700, stack(0x000000a898a00000,0x000000a898b00000)]
  0x0000020f42196800 JavaThread "C1 CompilerThread0" daemon [_thread_in_native, id=4992, stack(0x000000a898b00000,0x000000a898c00000)]
  0x0000020f42198800 JavaThread "Sweeper thread" daemon [_thread_blocked, id=10568, stack(0x000000a898c00000,0x000000a898d00000)]
  0x0000020f42c52800 JavaThread "Common-Cleaner" daemon [_thread_blocked, id=12776, stack(0x000000a898d00000,0x000000a898e00000)]
  0x0000020f42c68800 JavaThread "Service Thread" daemon [_thread_blocked, id=13408, stack(0x000000a898e00000,0x000000a898f00000)]
  0x0000020f44809800 JavaThread "Daemon health stats" [_thread_blocked, id=18692, stack(0x000000a899400000,0x000000a899500000)]
  0x0000020f42ed8800 JavaThread "Incoming local TCP Connector on port 63484" [_thread_in_native, id=20248, stack(0x000000a899600000,0x000000a899700000)]
  0x0000020f4439a800 JavaThread "Daemon periodic checks" [_thread_blocked, id=6960, stack(0x000000a899700000,0x000000a899800000)]
  0x0000020f4392f000 JavaThread "Daemon" [_thread_blocked, id=608, stack(0x000000a899800000,0x000000a899900000)]
  0x0000020f42d81000 JavaThread "Handler for socket connection from /127.0.0.1:63484 to /127.0.0.1:63485" [_thread_in_native, id=19328, stack(0x000000a899900000,0x000000a899a00000)]
  0x0000020f42dfc800 JavaThread "Cancel handler" [_thread_blocked, id=12688, stack(0x000000a899a00000,0x000000a899b00000)]
  0x0000020f435e5800 JavaThread "Daemon worker" [_thread_blocked, id=14012, stack(0x000000a899b00000,0x000000a899c00000)]
  0x0000020f43320800 JavaThread "Asynchronous log dispatcher for DefaultDaemonConnection: socket connection from /127.0.0.1:63484 to /127.0.0.1:63485" [_thread_blocked, id=3232, stack(0x000000a899c00000,0x000000a899d00000)]
  0x0000020f42ed2800 JavaThread "Stdin handler" [_thread_blocked, id=12716, stack(0x000000a899d00000,0x000000a899e00000)]
  0x0000020f43c0f000 JavaThread "Thread-8" [_thread_blocked, id=19744, stack(0x000000a899e00000,0x000000a899f00000)]
  0x0000020f447fe800 JavaThread "Cache worker for file hash cache (C:\Users\Пользователь\.gradle\caches\6.6\fileHashes)" [_thread_blocked, id=17872, stack(0x000000a899f00000,0x000000a89a000000)]
  0x0000020f447fc800 JavaThread "File lock request listener" [_thread_in_native, id=13588, stack(0x000000a89a000000,0x000000a89a100000)]
  0x0000020f447fd000 JavaThread "Cache worker for journal cache (C:\Users\Пользователь\.gradle\caches\journal-1)" [_thread_blocked, id=8360, stack(0x000000a89a100000,0x000000a89a200000)]
  0x0000020f447fe000 JavaThread "Cache worker for file hash cache (C:\projects\epam-java-cources\.gradle\6.6\fileHashes)" [_thread_blocked, id=4492, stack(0x000000a89a200000,0x000000a89a300000)]
  0x0000020f446f6800 JavaThread "Cache worker for checksums cache (C:\projects\epam-java-cources\.gradle\checksums)" [_thread_blocked, id=2840, stack(0x000000a89a300000,0x000000a89a400000)]
  0x0000020f446f2800 JavaThread "Cache worker for cache directory md-supplier (C:\Users\Пользователь\.gradle\caches\6.6\md-supplier)" [_thread_blocked, id=19240, stack(0x000000a89a400000,0x000000a89a500000)]
  0x0000020f446f4800 JavaThread "Cache worker for cache directory md-rule (C:\Users\Пользователь\.gradle\caches\6.6\md-rule)" [_thread_blocked, id=5784, stack(0x000000a89a500000,0x000000a89a600000)]
  0x0000020f446f5000 JavaThread "Cache worker for execution history cache (C:\Users\Пользователь\.gradle\caches\6.6\executionHistory)" [_thread_blocked, id=888, stack(0x000000a89a600000,0x000000a89a700000)]
  0x0000020f446f3800 JavaThread "jar transforms" [_thread_blocked, id=9572, stack(0x000000a89a700000,0x000000a89a800000)]
  0x0000020f446f6000 JavaThread "Cache worker for file content cache (C:\Users\Пользователь\.gradle\caches\6.6\fileContent)" [_thread_blocked, id=2360, stack(0x000000a89a800000,0x000000a89a900000)]
  0x0000020f446f2000 JavaThread "Cache worker for Build Output Cleanup Cache (C:\projects\epam-java-cources\.gradle\buildOutputCleanup)" [_thread_blocked, id=4320, stack(0x000000a89a900000,0x000000a89aa00000)]
  0x0000020f446f8800 JavaThread "Memory manager" [_thread_blocked, id=17960, stack(0x000000a89aa00000,0x000000a89ab00000)]
  0x0000020f446fb800 JavaThread "Cache worker for file content cache (C:\projects\epam-java-cources\.gradle\6.6\fileContent)" [_thread_blocked, id=17712, stack(0x000000a89ab00000,0x000000a89ac00000)]
  0x0000020f446f9000 JavaThread "Execution worker for ':'" [_thread_blocked, id=10320, stack(0x000000a89ac00000,0x000000a89ad00000)]
  0x0000020f446fa000 JavaThread "Execution worker for ':' Thread 2" [_thread_in_native, id=3332, stack(0x000000a89ad00000,0x000000a89ae00000)]
  0x0000020f446fb000 JavaThread "Execution worker for ':' Thread 3" [_thread_blocked, id=16928, stack(0x000000a89ae00000,0x000000a89af00000)]
  0x0000020f446fc800 JavaThread "Cache worker for execution history cache (C:\projects\epam-java-cources\.gradle\6.6\executionHistory)" [_thread_blocked, id=3768, stack(0x000000a89af00000,0x000000a89b000000)]
  0x0000020f446fd000 JavaThread "Build operations" [_thread_blocked, id=8932, stack(0x000000a89b000000,0x000000a89b100000)]
  0x0000020f446f7800 JavaThread "Build operations Thread 2" [_thread_blocked, id=124, stack(0x000000a89b100000,0x000000a89b200000)]
  0x0000020f446fe000 JavaThread "Build operations Thread 3" [_thread_blocked, id=11976, stack(0x000000a89b200000,0x000000a89b300000)]
  0x0000020f446ff000 JavaThread "Build operations Thread 4" [_thread_blocked, id=18092, stack(0x000000a89b300000,0x000000a89b400000)]
  0x0000020f446ff800 JavaThread "Cache worker for Java compile cache (C:\Users\Пользователь\.gradle\caches\6.6\javaCompile)" [_thread_blocked, id=18008, stack(0x000000a89b400000,0x000000a89b500000)]
  0x0000020f4729a000 JavaThread "Cache worker for Java compile cache (C:\projects\epam-java-cources\.gradle\6.6\javaCompile)" [_thread_blocked, id=6180, stack(0x000000a89b500000,0x000000a89b600000)]
  0x0000020f450cd000 JavaThread "C2 CompilerThread1" daemon [_thread_in_native, id=19216, stack(0x000000a89b600000,0x000000a89b700000)]

Other Threads:
  0x0000020f42149800 VMThread "VM Thread" [stack: 0x000000a898500000,0x000000a898600000] [id=6648]
  0x0000020f42c85800 WatcherThread [stack: 0x000000a898f00000,0x000000a899000000] [id=9132]
  0x0000020f2765f800 GCTaskThread "GC Thread#0" [stack: 0x000000a898000000,0x000000a898100000] [id=13048]
  0x0000020f42e47800 GCTaskThread "GC Thread#1" [stack: 0x000000a899000000,0x000000a899100000] [id=16848]
  0x0000020f42f56800 GCTaskThread "GC Thread#2" [stack: 0x000000a899100000,0x000000a899200000] [id=11000]
  0x0000020f42f53800 GCTaskThread "GC Thread#3" [stack: 0x000000a899200000,0x000000a899300000] [id=6632]
  0x0000020f27670800 ConcurrentGCThread "G1 Main Marker" [stack: 0x000000a898100000,0x000000a898200000] [id=5448]
  0x0000020f27672800 ConcurrentGCThread "G1 Conc#0" [stack: 0x000000a898200000,0x000000a898300000] [id=5252]
  0x0000020f2771e000 ConcurrentGCThread "G1 Refine#0" [stack: 0x000000a898300000,0x000000a898400000] [id=7468]
  0x0000020f41fea800 ConcurrentGCThread "G1 Young RemSet Sampling" [stack: 0x000000a898400000,0x000000a898500000] [id=296]

Threads with active compile tasks:
C2 CompilerThread04717       4       java.net.URLClassLoader$1::run (5 bytes)
C2 CompilerThread14718   !   4       java.net.URLClassLoader$1::run (63 bytes)

VM state:not at safepoint (normal execution)

VM Mutex/Monitor currently owned by a thread: None

Heap address: 0x00000000e0000000, size: 512 MB, Compressed Oops mode: 32-bit
Narrow klass base: 0x0000000000000000, Narrow klass shift: 3
Compressed class space size: 260046848 Address: 0x0000000100000000

Heap:
 garbage-first heap   total 262144K, used 98574K [0x00000000e0000000, 0x0000000100000000)
  region size 1024K, 82 young (83968K), 13 survivors (13312K)
 Metaspace       used 50904K, capacity 52298K, committed 52608K, reserved 301056K
  class space    used 6699K, capacity 7230K, committed 7296K, reserved 253952K
Heap Regions: E=young(eden), S=young(survivor), O=old, HS=humongous(starts), HC=humongous(continues), CS=collection set, F=free, A=archive, TAMS=top-at-mark-start (previous, next)
|   0|0x00000000e0000000, 0x00000000e0100000, 0x00000000e0100000|100%| O|  |TAMS 0x00000000e0100000, 0x00000000e0000000| Untracked 
|   1|0x00000000e0100000, 0x00000000e0200000, 0x00000000e0200000|100%| O|  |TAMS 0x00000000e0200000, 0x00000000e0100000| Untracked 
|   2|0x00000000e0200000, 0x00000000e0300000, 0x00000000e0300000|100%| O|  |TAMS 0x00000000e0300000, 0x00000000e0200000| Untracked 
|   3|0x00000000e0300000, 0x00000000e0400000, 0x00000000e0400000|100%|HS|  |TAMS 0x00000000e0400000, 0x00000000e0300000| Complete 
|   4|0x00000000e0400000, 0x00000000e0500000, 0x00000000e0500000|100%|HC|  |TAMS 0x00000000e0500000, 0x00000000e0400000| Complete 
|   5|0x00000000e0500000, 0x00000000e0600000, 0x00000000e0600000|100%|HC|  |TAMS 0x00000000e0600000, 0x00000000e0500000| Complete 
|   6|0x00000000e0600000, 0x00000000e0700000, 0x00000000e0700000|100%| O|  |TAMS 0x00000000e0700000, 0x00000000e0600000| Untracked 
|   7|0x00000000e0700000, 0x00000000e0800000, 0x00000000e0800000|100%| O|  |TAMS 0x00000000e0800000, 0x00000000e0700000| Untracked 
|   8|0x00000000e0800000, 0x00000000e0900000, 0x00000000e0900000|100%| O|  |TAMS 0x00000000e0900000, 0x00000000e0800000| Untracked 
|   9|0x00000000e0900000, 0x00000000e0a00000, 0x00000000e0a00000|100%| O|  |TAMS 0x00000000e0a00000, 0x00000000e0900000| Untracked 
|  10|0x00000000e0a00000, 0x00000000e0b00000, 0x00000000e0b00000|100%| O|  |TAMS 0x00000000e0b00000, 0x00000000e0a00000| Untracked 
|  11|0x00000000e0b00000, 0x00000000e0c00000, 0x00000000e0c00000|100%| O|  |TAMS 0x00000000e0c00000, 0x00000000e0b00000| Untracked 
|  12|0x00000000e0c00000, 0x00000000e0d00000, 0x00000000e0d00000|100%| O|  |TAMS 0x00000000e0d00000, 0x00000000e0c00000| Untracked 
|  13|0x00000000e0d00000, 0x00000000e0e00000, 0x00000000e0e00000|100%| O|  |TAMS 0x00000000e0e00000, 0x00000000e0d00000| Untracked 
|  14|0x00000000e0e00000, 0x00000000e0f00000, 0x00000000e0f00000|100%| O|  |TAMS 0x00000000e0f00000, 0x00000000e0e00000| Untracked 
|  15|0x00000000e0f00000, 0x00000000e1000000, 0x00000000e1000000|100%| O|  |TAMS 0x00000000e1000000, 0x00000000e0f00000| Untracked 
|  16|0x00000000e1000000, 0x00000000e100fe00, 0x00000000e1100000|  6%| O|  |TAMS 0x00000000e100fe00, 0x00000000e1000000| Untracked 
|  17|0x00000000e1100000, 0x00000000e1100000, 0x00000000e1200000|  0%| F|  |TAMS 0x00000000e1100000, 0x00000000e1100000| Untracked 
|  18|0x00000000e1200000, 0x00000000e1200000, 0x00000000e1300000|  0%| F|  |TAMS 0x00000000e1200000, 0x00000000e1200000| Untracked 
|  19|0x00000000e1300000, 0x00000000e1300000, 0x00000000e1400000|  0%| F|  |TAMS 0x00000000e1300000, 0x00000000e1300000| Untracked 
|  20|0x00000000e1400000, 0x00000000e1400000, 0x00000000e1500000|  0%| F|  |TAMS 0x00000000e1400000, 0x00000000e1400000| Untracked 
|  21|0x00000000e1500000, 0x00000000e1500000, 0x00000000e1600000|  0%| F|  |TAMS 0x00000000e1500000, 0x00000000e1500000| Untracked 
|  22|0x00000000e1600000, 0x00000000e1600000, 0x00000000e1700000|  0%| F|  |TAMS 0x00000000e1600000, 0x00000000e1600000| Untracked 
|  23|0x00000000e1700000, 0x00000000e1700000, 0x00000000e1800000|  0%| F|  |TAMS 0x00000000e1700000, 0x00000000e1700000| Untracked 
|  24|0x00000000e1800000, 0x00000000e1800000, 0x00000000e1900000|  0%| F|  |TAMS 0x00000000e1800000, 0x00000000e1800000| Untracked 
|  25|0x00000000e1900000, 0x00000000e1900000, 0x00000000e1a00000|  0%| F|  |TAMS 0x00000000e1900000, 0x00000000e1900000| Untracked 
|  26|0x00000000e1a00000, 0x00000000e1a00000, 0x00000000e1b00000|  0%| F|  |TAMS 0x00000000e1a00000, 0x00000000e1a00000| Untracked 
|  27|0x00000000e1b00000, 0x00000000e1b00000, 0x00000000e1c00000|  0%| F|  |TAMS 0x00000000e1b00000, 0x00000000e1b00000| Untracked 
|  28|0x00000000e1c00000, 0x00000000e1c00000, 0x00000000e1d00000|  0%| F|  |TAMS 0x00000000e1c00000, 0x00000000e1c00000| Untracked 
|  29|0x00000000e1d00000, 0x00000000e1d00000, 0x00000000e1e00000|  0%| F|  |TAMS 0x00000000e1d00000, 0x00000000e1d00000| Untracked 
|  30|0x00000000e1e00000, 0x00000000e1e00000, 0x00000000e1f00000|  0%| F|  |TAMS 0x00000000e1e00000, 0x00000000e1e00000| Untracked 
|  31|0x00000000e1f00000, 0x00000000e1f00000, 0x00000000e2000000|  0%| F|  |TAMS 0x00000000e1f00000, 0x00000000e1f00000| Untracked 
|  32|0x00000000e2000000, 0x00000000e2000000, 0x00000000e2100000|  0%| F|  |TAMS 0x00000000e2000000, 0x00000000e2000000| Untracked 
|  33|0x00000000e2100000, 0x00000000e2100000, 0x00000000e2200000|  0%| F|  |TAMS 0x00000000e2100000, 0x00000000e2100000| Untracked 
|  34|0x00000000e2200000, 0x00000000e2200000, 0x00000000e2300000|  0%| F|  |TAMS 0x00000000e2200000, 0x00000000e2200000| Untracked 
|  35|0x00000000e2300000, 0x00000000e2300000, 0x00000000e2400000|  0%| F|  |TAMS 0x00000000e2300000, 0x00000000e2300000| Untracked 
|  36|0x00000000e2400000, 0x00000000e2400000, 0x00000000e2500000|  0%| F|  |TAMS 0x00000000e2400000, 0x00000000e2400000| Untracked 
|  37|0x00000000e2500000, 0x00000000e2500000, 0x00000000e2600000|  0%| F|  |TAMS 0x00000000e2500000, 0x00000000e2500000| Untracked 
|  38|0x00000000e2600000, 0x00000000e2600000, 0x00000000e2700000|  0%| F|  |TAMS 0x00000000e2600000, 0x00000000e2600000| Untracked 
|  39|0x00000000e2700000, 0x00000000e2700000, 0x00000000e2800000|  0%| F|  |TAMS 0x00000000e2700000, 0x00000000e2700000| Untracked 
|  40|0x00000000e2800000, 0x00000000e2800000, 0x00000000e2900000|  0%| F|  |TAMS 0x00000000e2800000, 0x00000000e2800000| Untracked 
|  41|0x00000000e2900000, 0x00000000e2900000, 0x00000000e2a00000|  0%| F|  |TAMS 0x00000000e2900000, 0x00000000e2900000| Untracked 
|  42|0x00000000e2a00000, 0x00000000e2a00000, 0x00000000e2b00000|  0%| F|  |TAMS 0x00000000e2a00000, 0x00000000e2a00000| Untracked 
|  43|0x00000000e2b00000, 0x00000000e2b00000, 0x00000000e2c00000|  0%| F|  |TAMS 0x00000000e2b00000, 0x00000000e2b00000| Untracked 
|  44|0x00000000e2c00000, 0x00000000e2c00000, 0x00000000e2d00000|  0%| F|  |TAMS 0x00000000e2c00000, 0x00000000e2c00000| Untracked 
|  45|0x00000000e2d00000, 0x00000000e2d00000, 0x00000000e2e00000|  0%| F|  |TAMS 0x00000000e2d00000, 0x00000000e2d00000| Untracked 
|  46|0x00000000e2e00000, 0x00000000e2e00000, 0x00000000e2f00000|  0%| F|  |TAMS 0x00000000e2e00000, 0x00000000e2e00000| Untracked 
|  47|0x00000000e2f00000, 0x00000000e2f00000, 0x00000000e3000000|  0%| F|  |TAMS 0x00000000e2f00000, 0x00000000e2f00000| Untracked 
|  48|0x00000000e3000000, 0x00000000e3000000, 0x00000000e3100000|  0%| F|  |TAMS 0x00000000e3000000, 0x00000000e3000000| Untracked 
|  49|0x00000000e3100000, 0x00000000e3100000, 0x00000000e3200000|  0%| F|  |TAMS 0x00000000e3100000, 0x00000000e3100000| Untracked 
|  50|0x00000000e3200000, 0x00000000e3200000, 0x00000000e3300000|  0%| F|  |TAMS 0x00000000e3200000, 0x00000000e3200000| Untracked 
|  51|0x00000000e3300000, 0x00000000e3300000, 0x00000000e3400000|  0%| F|  |TAMS 0x00000000e3300000, 0x00000000e3300000| Untracked 
|  52|0x00000000e3400000, 0x00000000e3400000, 0x00000000e3500000|  0%| F|  |TAMS 0x00000000e3400000, 0x00000000e3400000| Untracked 
|  53|0x00000000e3500000, 0x00000000e3500000, 0x00000000e3600000|  0%| F|  |TAMS 0x00000000e3500000, 0x00000000e3500000| Untracked 
|  54|0x00000000e3600000, 0x00000000e3600000, 0x00000000e3700000|  0%| F|  |TAMS 0x00000000e3600000, 0x00000000e3600000| Untracked 
|  55|0x00000000e3700000, 0x00000000e3700000, 0x00000000e3800000|  0%| F|  |TAMS 0x00000000e3700000, 0x00000000e3700000| Untracked 
|  56|0x00000000e3800000, 0x00000000e3800000, 0x00000000e3900000|  0%| F|  |TAMS 0x00000000e3800000, 0x00000000e3800000| Untracked 
|  57|0x00000000e3900000, 0x00000000e3900000, 0x00000000e3a00000|  0%| F|  |TAMS 0x00000000e3900000, 0x00000000e3900000| Untracked 
|  58|0x00000000e3a00000, 0x00000000e3a00000, 0x00000000e3b00000|  0%| F|  |TAMS 0x00000000e3a00000, 0x00000000e3a00000| Untracked 
|  59|0x00000000e3b00000, 0x00000000e3b00000, 0x00000000e3c00000|  0%| F|  |TAMS 0x00000000e3b00000, 0x00000000e3b00000| Untracked 
|  60|0x00000000e3c00000, 0x00000000e3c00000, 0x00000000e3d00000|  0%| F|  |TAMS 0x00000000e3c00000, 0x00000000e3c00000| Untracked 
|  61|0x00000000e3d00000, 0x00000000e3d00000, 0x00000000e3e00000|  0%| F|  |TAMS 0x00000000e3d00000, 0x00000000e3d00000| Untracked 
|  62|0x00000000e3e00000, 0x00000000e3e00000, 0x00000000e3f00000|  0%| F|  |TAMS 0x00000000e3e00000, 0x00000000e3e00000| Untracked 
|  63|0x00000000e3f00000, 0x00000000e3f00000, 0x00000000e4000000|  0%| F|  |TAMS 0x00000000e3f00000, 0x00000000e3f00000| Untracked 
|  64|0x00000000e4000000, 0x00000000e4000000, 0x00000000e4100000|  0%| F|  |TAMS 0x00000000e4000000, 0x00000000e4000000| Untracked 
|  65|0x00000000e4100000, 0x00000000e4100000, 0x00000000e4200000|  0%| F|  |TAMS 0x00000000e4100000, 0x00000000e4100000| Untracked 
|  66|0x00000000e4200000, 0x00000000e4200000, 0x00000000e4300000|  0%| F|  |TAMS 0x00000000e4200000, 0x00000000e4200000| Untracked 
|  67|0x00000000e4300000, 0x00000000e4300000, 0x00000000e4400000|  0%| F|  |TAMS 0x00000000e4300000, 0x00000000e4300000| Untracked 
|  68|0x00000000e4400000, 0x00000000e4400000, 0x00000000e4500000|  0%| F|  |TAMS 0x00000000e4400000, 0x00000000e4400000| Untracked 
|  69|0x00000000e4500000, 0x00000000e4500000, 0x00000000e4600000|  0%| F|  |TAMS 0x00000000e4500000, 0x00000000e4500000| Untracked 
|  70|0x00000000e4600000, 0x00000000e4600000, 0x00000000e4700000|  0%| F|  |TAMS 0x00000000e4600000, 0x00000000e4600000| Untracked 
|  71|0x00000000e4700000, 0x00000000e4700000, 0x00000000e4800000|  0%| F|  |TAMS 0x00000000e4700000, 0x00000000e4700000| Untracked 
|  72|0x00000000e4800000, 0x00000000e4800000, 0x00000000e4900000|  0%| F|  |TAMS 0x00000000e4800000, 0x00000000e4800000| Untracked 
|  73|0x00000000e4900000, 0x00000000e4900000, 0x00000000e4a00000|  0%| F|  |TAMS 0x00000000e4900000, 0x00000000e4900000| Untracked 
|  74|0x00000000e4a00000, 0x00000000e4a00000, 0x00000000e4b00000|  0%| F|  |TAMS 0x00000000e4a00000, 0x00000000e4a00000| Untracked 
|  75|0x00000000e4b00000, 0x00000000e4b00000, 0x00000000e4c00000|  0%| F|  |TAMS 0x00000000e4b00000, 0x00000000e4b00000| Untracked 
|  76|0x00000000e4c00000, 0x00000000e4c00000, 0x00000000e4d00000|  0%| F|  |TAMS 0x00000000e4c00000, 0x00000000e4c00000| Untracked 
|  77|0x00000000e4d00000, 0x00000000e4d00000, 0x00000000e4e00000|  0%| F|  |TAMS 0x00000000e4d00000, 0x00000000e4d00000| Untracked 
|  78|0x00000000e4e00000, 0x00000000e4e00000, 0x00000000e4f00000|  0%| F|  |TAMS 0x00000000e4e00000, 0x00000000e4e00000| Untracked 
|  79|0x00000000e4f00000, 0x00000000e4f00000, 0x00000000e5000000|  0%| F|  |TAMS 0x00000000e4f00000, 0x00000000e4f00000| Untracked 
|  80|0x00000000e5000000, 0x00000000e5000000, 0x00000000e5100000|  0%| F|  |TAMS 0x00000000e5000000, 0x00000000e5000000| Untracked 
|  81|0x00000000e5100000, 0x00000000e5100000, 0x00000000e5200000|  0%| F|  |TAMS 0x00000000e5100000, 0x00000000e5100000| Untracked 
|  82|0x00000000e5200000, 0x00000000e5200000, 0x00000000e5300000|  0%| F|  |TAMS 0x00000000e5200000, 0x00000000e5200000| Untracked 
|  83|0x00000000e5300000, 0x00000000e5300000, 0x00000000e5400000|  0%| F|  |TAMS 0x00000000e5300000, 0x00000000e5300000| Untracked 
|  84|0x00000000e5400000, 0x00000000e5400000, 0x00000000e5500000|  0%| F|  |TAMS 0x00000000e5400000, 0x00000000e5400000| Untracked 
|  85|0x00000000e5500000, 0x00000000e5500000, 0x00000000e5600000|  0%| F|  |TAMS 0x00000000e5500000, 0x00000000e5500000| Untracked 
|  86|0x00000000e5600000, 0x00000000e5600000, 0x00000000e5700000|  0%| F|  |TAMS 0x00000000e5600000, 0x00000000e5600000| Untracked 
|  87|0x00000000e5700000, 0x00000000e5700000, 0x00000000e5800000|  0%| F|  |TAMS 0x00000000e5700000, 0x00000000e5700000| Untracked 
|  88|0x00000000e5800000, 0x00000000e5800000, 0x00000000e5900000|  0%| F|  |TAMS 0x00000000e5800000, 0x00000000e5800000| Untracked 
|  89|0x00000000e5900000, 0x00000000e5900000, 0x00000000e5a00000|  0%| F|  |TAMS 0x00000000e5900000, 0x00000000e5900000| Untracked 
|  90|0x00000000e5a00000, 0x00000000e5a00000, 0x00000000e5b00000|  0%| F|  |TAMS 0x00000000e5a00000, 0x00000000e5a00000| Untracked 
|  91|0x00000000e5b00000, 0x00000000e5b00000, 0x00000000e5c00000|  0%| F|  |TAMS 0x00000000e5b00000, 0x00000000e5b00000| Untracked 
|  92|0x00000000e5c00000, 0x00000000e5c00000, 0x00000000e5d00000|  0%| F|  |TAMS 0x00000000e5c00000, 0x00000000e5c00000| Untracked 
|  93|0x00000000e5d00000, 0x00000000e5d00000, 0x00000000e5e00000|  0%| F|  |TAMS 0x00000000e5d00000, 0x00000000e5d00000| Untracked 
|  94|0x00000000e5e00000, 0x00000000e5e00000, 0x00000000e5f00000|  0%| F|  |TAMS 0x00000000e5e00000, 0x00000000e5e00000| Untracked 
|  95|0x00000000e5f00000, 0x00000000e5f00000, 0x00000000e6000000|  0%| F|  |TAMS 0x00000000e5f00000, 0x00000000e5f00000| Untracked 
|  96|0x00000000e6000000, 0x00000000e6000000, 0x00000000e6100000|  0%| F|  |TAMS 0x00000000e6000000, 0x00000000e6000000| Untracked 
|  97|0x00000000e6100000, 0x00000000e6100000, 0x00000000e6200000|  0%| F|  |TAMS 0x00000000e6100000, 0x00000000e6100000| Untracked 
|  98|0x00000000e6200000, 0x00000000e6200000, 0x00000000e6300000|  0%| F|  |TAMS 0x00000000e6200000, 0x00000000e6200000| Untracked 
|  99|0x00000000e6300000, 0x00000000e6300000, 0x00000000e6400000|  0%| F|  |TAMS 0x00000000e6300000, 0x00000000e6300000| Untracked 
| 100|0x00000000e6400000, 0x00000000e6400000, 0x00000000e6500000|  0%| F|  |TAMS 0x00000000e6400000, 0x00000000e6400000| Untracked 
| 101|0x00000000e6500000, 0x00000000e6500000, 0x00000000e6600000|  0%| F|  |TAMS 0x00000000e6500000, 0x00000000e6500000| Untracked 
| 102|0x00000000e6600000, 0x00000000e6600000, 0x00000000e6700000|  0%| F|  |TAMS 0x00000000e6600000, 0x00000000e6600000| Untracked 
| 103|0x00000000e6700000, 0x00000000e6700000, 0x00000000e6800000|  0%| F|  |TAMS 0x00000000e6700000, 0x00000000e6700000| Untracked 
| 104|0x00000000e6800000, 0x00000000e6800000, 0x00000000e6900000|  0%| F|  |TAMS 0x00000000e6800000, 0x00000000e6800000| Untracked 
| 105|0x00000000e6900000, 0x00000000e6900000, 0x00000000e6a00000|  0%| F|  |TAMS 0x00000000e6900000, 0x00000000e6900000| Untracked 
| 106|0x00000000e6a00000, 0x00000000e6a00000, 0x00000000e6b00000|  0%| F|  |TAMS 0x00000000e6a00000, 0x00000000e6a00000| Untracked 
| 107|0x00000000e6b00000, 0x00000000e6b00000, 0x00000000e6c00000|  0%| F|  |TAMS 0x00000000e6b00000, 0x00000000e6b00000| Untracked 
| 108|0x00000000e6c00000, 0x00000000e6c00000, 0x00000000e6d00000|  0%| F|  |TAMS 0x00000000e6c00000, 0x00000000e6c00000| Untracked 
| 109|0x00000000e6d00000, 0x00000000e6d00000, 0x00000000e6e00000|  0%| F|  |TAMS 0x00000000e6d00000, 0x00000000e6d00000| Untracked 
| 110|0x00000000e6e00000, 0x00000000e6e00000, 0x00000000e6f00000|  0%| F|  |TAMS 0x00000000e6e00000, 0x00000000e6e00000| Untracked 
| 111|0x00000000e6f00000, 0x00000000e6f00000, 0x00000000e7000000|  0%| F|  |TAMS 0x00000000e6f00000, 0x00000000e6f00000| Untracked 
| 112|0x00000000e7000000, 0x00000000e7000000, 0x00000000e7100000|  0%| F|  |TAMS 0x00000000e7000000, 0x00000000e7000000| Untracked 
| 113|0x00000000e7100000, 0x00000000e7100000, 0x00000000e7200000|  0%| F|  |TAMS 0x00000000e7100000, 0x00000000e7100000| Untracked 
| 114|0x00000000e7200000, 0x00000000e7200000, 0x00000000e7300000|  0%| F|  |TAMS 0x00000000e7200000, 0x00000000e7200000| Untracked 
| 115|0x00000000e7300000, 0x00000000e7300000, 0x00000000e7400000|  0%| F|  |TAMS 0x00000000e7300000, 0x00000000e7300000| Untracked 
| 116|0x00000000e7400000, 0x00000000e7400000, 0x00000000e7500000|  0%| F|  |TAMS 0x00000000e7400000, 0x00000000e7400000| Untracked 
| 117|0x00000000e7500000, 0x00000000e7500000, 0x00000000e7600000|  0%| F|  |TAMS 0x00000000e7500000, 0x00000000e7500000| Untracked 
| 118|0x00000000e7600000, 0x00000000e7600000, 0x00000000e7700000|  0%| F|  |TAMS 0x00000000e7600000, 0x00000000e7600000| Untracked 
| 119|0x00000000e7700000, 0x00000000e7700000, 0x00000000e7800000|  0%| F|  |TAMS 0x00000000e7700000, 0x00000000e7700000| Untracked 
| 120|0x00000000e7800000, 0x00000000e7800000, 0x00000000e7900000|  0%| F|  |TAMS 0x00000000e7800000, 0x00000000e7800000| Untracked 
| 121|0x00000000e7900000, 0x00000000e7900000, 0x00000000e7a00000|  0%| F|  |TAMS 0x00000000e7900000, 0x00000000e7900000| Untracked 
| 122|0x00000000e7a00000, 0x00000000e7a00000, 0x00000000e7b00000|  0%| F|  |TAMS 0x00000000e7a00000, 0x00000000e7a00000| Untracked 
| 123|0x00000000e7b00000, 0x00000000e7b00000, 0x00000000e7c00000|  0%| F|  |TAMS 0x00000000e7b00000, 0x00000000e7b00000| Untracked 
| 124|0x00000000e7c00000, 0x00000000e7c00000, 0x00000000e7d00000|  0%| F|  |TAMS 0x00000000e7c00000, 0x00000000e7c00000| Untracked 
| 125|0x00000000e7d00000, 0x00000000e7d00000, 0x00000000e7e00000|  0%| F|  |TAMS 0x00000000e7d00000, 0x00000000e7d00000| Untracked 
| 126|0x00000000e7e00000, 0x00000000e7e00000, 0x00000000e7f00000|  0%| F|  |TAMS 0x00000000e7e00000, 0x00000000e7e00000| Untracked 
| 127|0x00000000e7f00000, 0x00000000e7f33a18, 0x00000000e8000000| 20%| S|CS|TAMS 0x00000000e7f00000, 0x00000000e7f00000| Complete 
| 128|0x00000000e8000000, 0x00000000e8100000, 0x00000000e8100000|100%| S|CS|TAMS 0x00000000e8000000, 0x00000000e8000000| Complete 
| 129|0x00000000e8100000, 0x00000000e8200000, 0x00000000e8200000|100%| S|CS|TAMS 0x00000000e8100000, 0x00000000e8100000| Complete 
| 130|0x00000000e8200000, 0x00000000e8300000, 0x00000000e8300000|100%| S|CS|TAMS 0x00000000e8200000, 0x00000000e8200000| Complete 
| 131|0x00000000e8300000, 0x00000000e8400000, 0x00000000e8400000|100%| S|CS|TAMS 0x00000000e8300000, 0x00000000e8300000| Complete 
| 132|0x00000000e8400000, 0x00000000e8500000, 0x00000000e8500000|100%| S|CS|TAMS 0x00000000e8400000, 0x00000000e8400000| Complete 
| 133|0x00000000e8500000, 0x00000000e8600000, 0x00000000e8600000|100%| S|CS|TAMS 0x00000000e8500000, 0x00000000e8500000| Complete 
| 134|0x00000000e8600000, 0x00000000e8700000, 0x00000000e8700000|100%| S|CS|TAMS 0x00000000e8600000, 0x00000000e8600000| Complete 
| 135|0x00000000e8700000, 0x00000000e8800000, 0x00000000e8800000|100%| S|CS|TAMS 0x00000000e8700000, 0x00000000e8700000| Complete 
| 136|0x00000000e8800000, 0x00000000e8900000, 0x00000000e8900000|100%| S|CS|TAMS 0x00000000e8800000, 0x00000000e8800000| Complete 
| 137|0x00000000e8900000, 0x00000000e8a00000, 0x00000000e8a00000|100%| S|CS|TAMS 0x00000000e8900000, 0x00000000e8900000| Complete 
| 138|0x00000000e8a00000, 0x00000000e8b00000, 0x00000000e8b00000|100%| S|CS|TAMS 0x00000000e8a00000, 0x00000000e8a00000| Complete 
| 139|0x00000000e8b00000, 0x00000000e8c00000, 0x00000000e8c00000|100%| S|CS|TAMS 0x00000000e8b00000, 0x00000000e8b00000| Complete 
| 140|0x00000000e8c00000, 0x00000000e8c00000, 0x00000000e8d00000|  0%| F|  |TAMS 0x00000000e8c00000, 0x00000000e8c00000| Untracked 
| 141|0x00000000e8d00000, 0x00000000e8d00000, 0x00000000e8e00000|  0%| F|  |TAMS 0x00000000e8d00000, 0x00000000e8d00000| Untracked 
| 142|0x00000000e8e00000, 0x00000000e8e00000, 0x00000000e8f00000|  0%| F|  |TAMS 0x00000000e8e00000, 0x00000000e8e00000| Untracked 
| 143|0x00000000e8f00000, 0x00000000e8f00000, 0x00000000e9000000|  0%| F|  |TAMS 0x00000000e8f00000, 0x00000000e8f00000| Untracked 
| 144|0x00000000e9000000, 0x00000000e9000000, 0x00000000e9100000|  0%| F|  |TAMS 0x00000000e9000000, 0x00000000e9000000| Untracked 
| 145|0x00000000e9100000, 0x00000000e9100000, 0x00000000e9200000|  0%| F|  |TAMS 0x00000000e9100000, 0x00000000e9100000| Untracked 
| 146|0x00000000e9200000, 0x00000000e9200000, 0x00000000e9300000|  0%| F|  |TAMS 0x00000000e9200000, 0x00000000e9200000| Untracked 
| 147|0x00000000e9300000, 0x00000000e9300000, 0x00000000e9400000|  0%| F|  |TAMS 0x00000000e9300000, 0x00000000e9300000| Untracked 
| 148|0x00000000e9400000, 0x00000000e9400000, 0x00000000e9500000|  0%| F|  |TAMS 0x00000000e9400000, 0x00000000e9400000| Untracked 
| 149|0x00000000e9500000, 0x00000000e9500000, 0x00000000e9600000|  0%| F|  |TAMS 0x00000000e9500000, 0x00000000e9500000| Untracked 
| 150|0x00000000e9600000, 0x00000000e9600000, 0x00000000e9700000|  0%| F|  |TAMS 0x00000000e9600000, 0x00000000e9600000| Untracked 
| 151|0x00000000e9700000, 0x00000000e9700000, 0x00000000e9800000|  0%| F|  |TAMS 0x00000000e9700000, 0x00000000e9700000| Untracked 
| 152|0x00000000e9800000, 0x00000000e9800000, 0x00000000e9900000|  0%| F|  |TAMS 0x00000000e9800000, 0x00000000e9800000| Untracked 
| 153|0x00000000e9900000, 0x00000000e9900000, 0x00000000e9a00000|  0%| F|  |TAMS 0x00000000e9900000, 0x00000000e9900000| Untracked 
| 154|0x00000000e9a00000, 0x00000000e9a00000, 0x00000000e9b00000|  0%| F|  |TAMS 0x00000000e9a00000, 0x00000000e9a00000| Untracked 
| 155|0x00000000e9b00000, 0x00000000e9b00000, 0x00000000e9c00000|  0%| F|  |TAMS 0x00000000e9b00000, 0x00000000e9b00000| Untracked 
| 156|0x00000000e9c00000, 0x00000000e9c00000, 0x00000000e9d00000|  0%| F|  |TAMS 0x00000000e9c00000, 0x00000000e9c00000| Untracked 
| 157|0x00000000e9d00000, 0x00000000e9d00000, 0x00000000e9e00000|  0%| F|  |TAMS 0x00000000e9d00000, 0x00000000e9d00000| Untracked 
| 158|0x00000000e9e00000, 0x00000000e9e00000, 0x00000000e9f00000|  0%| F|  |TAMS 0x00000000e9e00000, 0x00000000e9e00000| Untracked 
| 159|0x00000000e9f00000, 0x00000000e9f00000, 0x00000000ea000000|  0%| F|  |TAMS 0x00000000e9f00000, 0x00000000e9f00000| Untracked 
| 160|0x00000000ea000000, 0x00000000ea000000, 0x00000000ea100000|  0%| F|  |TAMS 0x00000000ea000000, 0x00000000ea000000| Untracked 
| 161|0x00000000ea100000, 0x00000000ea100000, 0x00000000ea200000|  0%| F|  |TAMS 0x00000000ea100000, 0x00000000ea100000| Untracked 
| 162|0x00000000ea200000, 0x00000000ea200000, 0x00000000ea300000|  0%| F|  |TAMS 0x00000000ea200000, 0x00000000ea200000| Untracked 
| 163|0x00000000ea300000, 0x00000000ea300000, 0x00000000ea400000|  0%| F|  |TAMS 0x00000000ea300000, 0x00000000ea300000| Untracked 
| 164|0x00000000ea400000, 0x00000000ea400000, 0x00000000ea500000|  0%| F|  |TAMS 0x00000000ea400000, 0x00000000ea400000| Untracked 
| 165|0x00000000ea500000, 0x00000000ea500000, 0x00000000ea600000|  0%| F|  |TAMS 0x00000000ea500000, 0x00000000ea500000| Untracked 
| 166|0x00000000ea600000, 0x00000000ea600000, 0x00000000ea700000|  0%| F|  |TAMS 0x00000000ea600000, 0x00000000ea600000| Untracked 
| 167|0x00000000ea700000, 0x00000000ea700000, 0x00000000ea800000|  0%| F|  |TAMS 0x00000000ea700000, 0x00000000ea700000| Untracked 
| 168|0x00000000ea800000, 0x00000000ea800000, 0x00000000ea900000|  0%| F|  |TAMS 0x00000000ea800000, 0x00000000ea800000| Untracked 
| 169|0x00000000ea900000, 0x00000000ea900000, 0x00000000eaa00000|  0%| F|  |TAMS 0x00000000ea900000, 0x00000000ea900000| Untracked 
| 170|0x00000000eaa00000, 0x00000000eaa00000, 0x00000000eab00000|  0%| F|  |TAMS 0x00000000eaa00000, 0x00000000eaa00000| Untracked 
| 171|0x00000000eab00000, 0x00000000eab00000, 0x00000000eac00000|  0%| F|  |TAMS 0x00000000eab00000, 0x00000000eab00000| Untracked 
| 172|0x00000000eac00000, 0x00000000eac00000, 0x00000000ead00000|  0%| F|  |TAMS 0x00000000eac00000, 0x00000000eac00000| Untracked 
| 173|0x00000000ead00000, 0x00000000ead00000, 0x00000000eae00000|  0%| F|  |TAMS 0x00000000ead00000, 0x00000000ead00000| Untracked 
| 174|0x00000000eae00000, 0x00000000eae00000, 0x00000000eaf00000|  0%| F|  |TAMS 0x00000000eae00000, 0x00000000eae00000| Untracked 
| 175|0x00000000eaf00000, 0x00000000eaf00000, 0x00000000eb000000|  0%| F|  |TAMS 0x00000000eaf00000, 0x00000000eaf00000| Untracked 
| 176|0x00000000eb000000, 0x00000000eb000000, 0x00000000eb100000|  0%| F|  |TAMS 0x00000000eb000000, 0x00000000eb000000| Untracked 
| 177|0x00000000eb100000, 0x00000000eb100000, 0x00000000eb200000|  0%| F|  |TAMS 0x00000000eb100000, 0x00000000eb100000| Untracked 
| 178|0x00000000eb200000, 0x00000000eb200000, 0x00000000eb300000|  0%| F|  |TAMS 0x00000000eb200000, 0x00000000eb200000| Untracked 
| 179|0x00000000eb300000, 0x00000000eb300000, 0x00000000eb400000|  0%| F|  |TAMS 0x00000000eb300000, 0x00000000eb300000| Untracked 
| 180|0x00000000eb400000, 0x00000000eb400000, 0x00000000eb500000|  0%| F|  |TAMS 0x00000000eb400000, 0x00000000eb400000| Untracked 
| 181|0x00000000eb500000, 0x00000000eb500000, 0x00000000eb600000|  0%| F|  |TAMS 0x00000000eb500000, 0x00000000eb500000| Untracked 
| 182|0x00000000eb600000, 0x00000000eb600000, 0x00000000eb700000|  0%| F|  |TAMS 0x00000000eb600000, 0x00000000eb600000| Untracked 
| 183|0x00000000eb700000, 0x00000000eb700000, 0x00000000eb800000|  0%| F|  |TAMS 0x00000000eb700000, 0x00000000eb700000| Untracked 
| 184|0x00000000eb800000, 0x00000000eb800000, 0x00000000eb900000|  0%| F|  |TAMS 0x00000000eb800000, 0x00000000eb800000| Untracked 
| 185|0x00000000eb900000, 0x00000000eb900000, 0x00000000eba00000|  0%| F|  |TAMS 0x00000000eb900000, 0x00000000eb900000| Untracked 
| 186|0x00000000eba00000, 0x00000000eba00000, 0x00000000ebb00000|  0%| F|  |TAMS 0x00000000eba00000, 0x00000000eba00000| Untracked 
| 187|0x00000000ebb00000, 0x00000000ebb50ac8, 0x00000000ebc00000| 31%| E|  |TAMS 0x00000000ebb00000, 0x00000000ebb00000| Complete 
| 188|0x00000000ebc00000, 0x00000000ebd00000, 0x00000000ebd00000|100%| E|CS|TAMS 0x00000000ebc00000, 0x00000000ebc00000| Complete 
| 189|0x00000000ebd00000, 0x00000000ebe00000, 0x00000000ebe00000|100%| E|CS|TAMS 0x00000000ebd00000, 0x00000000ebd00000| Complete 
| 190|0x00000000ebe00000, 0x00000000ebf00000, 0x00000000ebf00000|100%| E|CS|TAMS 0x00000000ebe00000, 0x00000000ebe00000| Complete 
| 191|0x00000000ebf00000, 0x00000000ec000000, 0x00000000ec000000|100%| E|CS|TAMS 0x00000000ebf00000, 0x00000000ebf00000| Complete 
| 192|0x00000000ec000000, 0x00000000ec100000, 0x00000000ec100000|100%| E|CS|TAMS 0x00000000ec000000, 0x00000000ec000000| Complete 
| 193|0x00000000ec100000, 0x00000000ec200000, 0x00000000ec200000|100%| E|CS|TAMS 0x00000000ec100000, 0x00000000ec100000| Complete 
| 194|0x00000000ec200000, 0x00000000ec300000, 0x00000000ec300000|100%| E|CS|TAMS 0x00000000ec200000, 0x00000000ec200000| Complete 
| 195|0x00000000ec300000, 0x00000000ec400000, 0x00000000ec400000|100%| E|CS|TAMS 0x00000000ec300000, 0x00000000ec300000| Complete 
| 196|0x00000000ec400000, 0x00000000ec500000, 0x00000000ec500000|100%| E|CS|TAMS 0x00000000ec400000, 0x00000000ec400000| Complete 
| 197|0x00000000ec500000, 0x00000000ec600000, 0x00000000ec600000|100%| E|CS|TAMS 0x00000000ec500000, 0x00000000ec500000| Complete 
| 198|0x00000000ec600000, 0x00000000ec700000, 0x00000000ec700000|100%| E|CS|TAMS 0x00000000ec600000, 0x00000000ec600000| Complete 
| 199|0x00000000ec700000, 0x00000000ec800000, 0x00000000ec800000|100%| E|CS|TAMS 0x00000000ec700000, 0x00000000ec700000| Complete 
| 200|0x00000000ec800000, 0x00000000ec900000, 0x00000000ec900000|100%| E|CS|TAMS 0x00000000ec800000, 0x00000000ec800000| Complete 
| 201|0x00000000ec900000, 0x00000000eca00000, 0x00000000eca00000|100%| E|CS|TAMS 0x00000000ec900000, 0x00000000ec900000| Complete 
| 202|0x00000000eca00000, 0x00000000ecb00000, 0x00000000ecb00000|100%| E|CS|TAMS 0x00000000eca00000, 0x00000000eca00000| Complete 
| 203|0x00000000ecb00000, 0x00000000ecc00000, 0x00000000ecc00000|100%| E|CS|TAMS 0x00000000ecb00000, 0x00000000ecb00000| Complete 
| 204|0x00000000ecc00000, 0x00000000ecd00000, 0x00000000ecd00000|100%| E|CS|TAMS 0x00000000ecc00000, 0x00000000ecc00000| Complete 
| 205|0x00000000ecd00000, 0x00000000ece00000, 0x00000000ece00000|100%| E|CS|TAMS 0x00000000ecd00000, 0x00000000ecd00000| Complete 
| 206|0x00000000ece00000, 0x00000000ecf00000, 0x00000000ecf00000|100%| E|CS|TAMS 0x00000000ece00000, 0x00000000ece00000| Complete 
| 207|0x00000000ecf00000, 0x00000000ed000000, 0x00000000ed000000|100%| E|CS|TAMS 0x00000000ecf00000, 0x00000000ecf00000| Complete 
| 208|0x00000000ed000000, 0x00000000ed100000, 0x00000000ed100000|100%| E|CS|TAMS 0x00000000ed000000, 0x00000000ed000000| Complete 
| 209|0x00000000ed100000, 0x00000000ed200000, 0x00000000ed200000|100%| E|CS|TAMS 0x00000000ed100000, 0x00000000ed100000| Complete 
| 210|0x00000000ed200000, 0x00000000ed300000, 0x00000000ed300000|100%| E|CS|TAMS 0x00000000ed200000, 0x00000000ed200000| Complete 
| 211|0x00000000ed300000, 0x00000000ed400000, 0x00000000ed400000|100%| E|CS|TAMS 0x00000000ed300000, 0x00000000ed300000| Complete 
| 212|0x00000000ed400000, 0x00000000ed500000, 0x00000000ed500000|100%| E|CS|TAMS 0x00000000ed400000, 0x00000000ed400000| Complete 
| 213|0x00000000ed500000, 0x00000000ed600000, 0x00000000ed600000|100%| E|CS|TAMS 0x00000000ed500000, 0x00000000ed500000| Complete 
| 214|0x00000000ed600000, 0x00000000ed700000, 0x00000000ed700000|100%| E|CS|TAMS 0x00000000ed600000, 0x00000000ed600000| Complete 
| 215|0x00000000ed700000, 0x00000000ed800000, 0x00000000ed800000|100%| E|CS|TAMS 0x00000000ed700000, 0x00000000ed700000| Complete 
| 216|0x00000000ed800000, 0x00000000ed900000, 0x00000000ed900000|100%| E|CS|TAMS 0x00000000ed800000, 0x00000000ed800000| Complete 
| 217|0x00000000ed900000, 0x00000000eda00000, 0x00000000eda00000|100%| E|CS|TAMS 0x00000000ed900000, 0x00000000ed900000| Complete 
| 218|0x00000000eda00000, 0x00000000edb00000, 0x00000000edb00000|100%| E|CS|TAMS 0x00000000eda00000, 0x00000000eda00000| Complete 
| 219|0x00000000edb00000, 0x00000000edc00000, 0x00000000edc00000|100%| E|CS|TAMS 0x00000000edb00000, 0x00000000edb00000| Complete 
| 220|0x00000000edc00000, 0x00000000edd00000, 0x00000000edd00000|100%| E|CS|TAMS 0x00000000edc00000, 0x00000000edc00000| Complete 
| 221|0x00000000edd00000, 0x00000000ede00000, 0x00000000ede00000|100%| E|CS|TAMS 0x00000000edd00000, 0x00000000edd00000| Complete 
| 222|0x00000000ede00000, 0x00000000edf00000, 0x00000000edf00000|100%| E|CS|TAMS 0x00000000ede00000, 0x00000000ede00000| Complete 
| 223|0x00000000edf00000, 0x00000000ee000000, 0x00000000ee000000|100%| E|CS|TAMS 0x00000000edf00000, 0x00000000edf00000| Complete 
| 224|0x00000000ee000000, 0x00000000ee100000, 0x00000000ee100000|100%| E|CS|TAMS 0x00000000ee000000, 0x00000000ee000000| Complete 
| 225|0x00000000ee100000, 0x00000000ee200000, 0x00000000ee200000|100%| E|CS|TAMS 0x00000000ee100000, 0x00000000ee100000| Complete 
| 226|0x00000000ee200000, 0x00000000ee300000, 0x00000000ee300000|100%| E|CS|TAMS 0x00000000ee200000, 0x00000000ee200000| Complete 
| 227|0x00000000ee300000, 0x00000000ee400000, 0x00000000ee400000|100%| E|CS|TAMS 0x00000000ee300000, 0x00000000ee300000| Complete 
| 228|0x00000000ee400000, 0x00000000ee500000, 0x00000000ee500000|100%| E|CS|TAMS 0x00000000ee400000, 0x00000000ee400000| Complete 
| 229|0x00000000ee500000, 0x00000000ee600000, 0x00000000ee600000|100%| E|CS|TAMS 0x00000000ee500000, 0x00000000ee500000| Complete 
| 230|0x00000000ee600000, 0x00000000ee700000, 0x00000000ee700000|100%| E|CS|TAMS 0x00000000ee600000, 0x00000000ee600000| Complete 
| 231|0x00000000ee700000, 0x00000000ee800000, 0x00000000ee800000|100%| E|CS|TAMS 0x00000000ee700000, 0x00000000ee700000| Complete 
| 232|0x00000000ee800000, 0x00000000ee900000, 0x00000000ee900000|100%| E|CS|TAMS 0x00000000ee800000, 0x00000000ee800000| Complete 
| 233|0x00000000ee900000, 0x00000000eea00000, 0x00000000eea00000|100%| E|CS|TAMS 0x00000000ee900000, 0x00000000ee900000| Complete 
| 234|0x00000000eea00000, 0x00000000eeb00000, 0x00000000eeb00000|100%| E|CS|TAMS 0x00000000eea00000, 0x00000000eea00000| Complete 
| 235|0x00000000eeb00000, 0x00000000eec00000, 0x00000000eec00000|100%| E|CS|TAMS 0x00000000eeb00000, 0x00000000eeb00000| Complete 
| 236|0x00000000eec00000, 0x00000000eed00000, 0x00000000eed00000|100%| E|CS|TAMS 0x00000000eec00000, 0x00000000eec00000| Complete 
| 237|0x00000000eed00000, 0x00000000eee00000, 0x00000000eee00000|100%| E|CS|TAMS 0x00000000eed00000, 0x00000000eed00000| Complete 
| 238|0x00000000eee00000, 0x00000000eef00000, 0x00000000eef00000|100%| E|CS|TAMS 0x00000000eee00000, 0x00000000eee00000| Complete 
| 239|0x00000000eef00000, 0x00000000ef000000, 0x00000000ef000000|100%| E|CS|TAMS 0x00000000eef00000, 0x00000000eef00000| Complete 
| 240|0x00000000ef000000, 0x00000000ef100000, 0x00000000ef100000|100%| E|CS|TAMS 0x00000000ef000000, 0x00000000ef000000| Complete 
| 241|0x00000000ef100000, 0x00000000ef200000, 0x00000000ef200000|100%| E|CS|TAMS 0x00000000ef100000, 0x00000000ef100000| Complete 
| 242|0x00000000ef200000, 0x00000000ef300000, 0x00000000ef300000|100%| E|CS|TAMS 0x00000000ef200000, 0x00000000ef200000| Complete 
| 243|0x00000000ef300000, 0x00000000ef400000, 0x00000000ef400000|100%| E|CS|TAMS 0x00000000ef300000, 0x00000000ef300000| Complete 
| 244|0x00000000ef400000, 0x00000000ef500000, 0x00000000ef500000|100%| E|CS|TAMS 0x00000000ef400000, 0x00000000ef400000| Complete 
| 245|0x00000000ef500000, 0x00000000ef600000, 0x00000000ef600000|100%| E|CS|TAMS 0x00000000ef500000, 0x00000000ef500000| Complete 
| 246|0x00000000ef600000, 0x00000000ef700000, 0x00000000ef700000|100%| E|CS|TAMS 0x00000000ef600000, 0x00000000ef600000| Complete 
| 247|0x00000000ef700000, 0x00000000ef800000, 0x00000000ef800000|100%| E|CS|TAMS 0x00000000ef700000, 0x00000000ef700000| Complete 
| 248|0x00000000ef800000, 0x00000000ef900000, 0x00000000ef900000|100%| E|CS|TAMS 0x00000000ef800000, 0x00000000ef800000| Complete 
| 249|0x00000000ef900000, 0x00000000efa00000, 0x00000000efa00000|100%| E|CS|TAMS 0x00000000ef900000, 0x00000000ef900000| Complete 
| 250|0x00000000efa00000, 0x00000000efb00000, 0x00000000efb00000|100%| E|CS|TAMS 0x00000000efa00000, 0x00000000efa00000| Complete 
| 251|0x00000000efb00000, 0x00000000efc00000, 0x00000000efc00000|100%| E|CS|TAMS 0x00000000efb00000, 0x00000000efb00000| Complete 
| 252|0x00000000efc00000, 0x00000000efd00000, 0x00000000efd00000|100%| E|CS|TAMS 0x00000000efc00000, 0x00000000efc00000| Complete 
| 253|0x00000000efd00000, 0x00000000efe00000, 0x00000000efe00000|100%| E|CS|TAMS 0x00000000efd00000, 0x00000000efd00000| Complete 
| 254|0x00000000efe00000, 0x00000000eff00000, 0x00000000eff00000|100%| E|CS|TAMS 0x00000000efe00000, 0x00000000efe00000| Complete 
| 255|0x00000000eff00000, 0x00000000f0000000, 0x00000000f0000000|100%| E|CS|TAMS 0x00000000eff00000, 0x00000000eff00000| Complete 

Card table byte_map: [0x0000020f3e960000,0x0000020f3ea60000] _byte_map_base: 0x0000020f3e260000

Marking Bits (Prev, Next): (CMBitMap*) 0x0000020f2766db78, (CMBitMap*) 0x0000020f2766dbb0
 Prev Bits: [0x0000020f3eb60000, 0x0000020f3f360000)
 Next Bits: [0x0000020f3f360000, 0x0000020f3fb60000)

Polling page: 0x0000020f25510000

Metaspace:

Usage:
  Non-class:     44.01 MB capacity,    43.17 MB ( 98%) used,   730.25 KB (  2%) free+waste,   130.44 KB ( <1%) overhead. 
      Class:      7.06 MB capacity,     6.54 MB ( 93%) used,   467.18 KB (  6%) free+waste,    63.63 KB ( <1%) overhead. 
       Both:     51.07 MB capacity,    49.71 MB ( 97%) used,     1.17 MB (  2%) free+waste,   194.06 KB ( <1%) overhead. 

Virtual space:
  Non-class space:       46.00 MB reserved,      44.25 MB ( 96%) committed 
      Class space:      248.00 MB reserved,       7.13 MB (  3%) committed 
             Both:      294.00 MB reserved,      51.38 MB ( 17%) committed 

Chunk freelists:
   Non-Class:  6.50 KB
       Class:  256 bytes
        Both:  6.75 KB

CodeHeap 'non-profiled nmethods': size=120064Kb used=2562Kb max_used=2562Kb free=117501Kb
 bounds [0x0000020f37420000, 0x0000020f376b0000, 0x0000020f3e960000]
CodeHeap 'profiled nmethods': size=120000Kb used=10350Kb max_used=10350Kb free=109649Kb
 bounds [0x0000020f2fef0000, 0x0000020f30920000, 0x0000020f37420000]
CodeHeap 'non-nmethods': size=5696Kb used=2214Kb max_used=2238Kb free=3481Kb
 bounds [0x0000020f2f960000, 0x0000020f2fbd0000, 0x0000020f2fef0000]
 total_blobs=6765 nmethods=4551 adapters=689
 compilation: enabled
              stopped_count=0, restarted_count=0
 full_count=0

Compilation events (10 events):
Event: 37.672 Thread 0x0000020f42196800 4760       3       org.gradle.cache.internal.CrossProcessSynchronizingCache$1::<init> (15 bytes)
Event: 37.673 Thread 0x0000020f42196800 nmethod 4760 0x0000020f308e2b10 code [0x0000020f308e2cc0, 0x0000020f308e2f38]
Event: 37.673 Thread 0x0000020f450cd000 nmethod 4752 0x0000020f3769c090 code [0x0000020f3769c260, 0x0000020f3769c678]
Event: 37.673 Thread 0x0000020f450cd000 4753       4       com.esotericsoftware.kryo.io.Input::readVarInt (192 bytes)
Event: 37.679 Thread 0x0000020f450cd000 nmethod 4753 0x0000020f3769ca90 code [0x0000020f3769cc40, 0x0000020f3769cfa8]
Event: 37.679 Thread 0x0000020f450cd000 4733       4       com.esotericsoftware.kryo.io.Input::require (220 bytes)
Event: 37.683 Thread 0x0000020f450cd000 nmethod 4733 0x0000020f3769d310 code [0x0000020f3769d4c0, 0x0000020f3769d6d8]
Event: 37.683 Thread 0x0000020f450cd000 4754       4       com.google.common.collect.ImmutableCollection$ArrayBasedBuilder::getReadyToExpandTo (64 bytes)
Event: 37.687 Thread 0x0000020f450cd000 nmethod 4754 0x0000020f3769d910 code [0x0000020f3769daa0, 0x0000020f3769de38]
Event: 37.687 Thread 0x0000020f450cd000 4718   !   4       java.net.URLClassLoader$1::run (63 bytes)

GC Heap History (10 events):
Event: 3.224 GC heap before
{Heap before GC invocations=0 (full 0):
 garbage-first heap   total 262144K, used 19456K [0x00000000e0000000, 0x0000000100000000)
  region size 1024K, 14 young (14336K), 0 survivors (0K)
 Metaspace       used 6859K, capacity 6993K, committed 7168K, reserved 262144K
  class space    used 603K, capacity 650K, committed 768K, reserved 253952K
}
Event: 3.232 GC heap after
{Heap after GC invocations=1 (full 0):
 garbage-first heap   total 262144K, used 7682K [0x00000000e0000000, 0x0000000100000000)
  region size 1024K, 2 young (2048K), 2 survivors (2048K)
 Metaspace       used 6859K, capacity 6993K, committed 7168K, reserved 262144K
  class space    used 603K, capacity 650K, committed 768K, reserved 253952K
}
Event: 16.736 GC heap before
{Heap before GC invocations=1 (full 0):
 garbage-first heap   total 262144K, used 117250K [0x00000000e0000000, 0x0000000100000000)
  region size 1024K, 111 young (113664K), 2 survivors (2048K)
 Metaspace       used 20606K, capacity 21130K, committed 21248K, reserved 272384K
  class space    used 2522K, capacity 2744K, committed 2816K, reserved 253952K
}
Event: 16.749 GC heap after
{Heap after GC invocations=2 (full 0):
 garbage-first heap   total 262144K, used 16038K [0x00000000e0000000, 0x0000000100000000)
  region size 1024K, 11 young (11264K), 11 survivors (11264K)
 Metaspace       used 20606K, capacity 21130K, committed 21248K, reserved 272384K
  class space    used 2522K, capacity 2744K, committed 2816K, reserved 253952K
}
Event: 17.194 GC heap before
{Heap before GC invocations=3 (full 0):
 garbage-first heap   total 262144K, used 28326K [0x00000000e0000000, 0x0000000100000000)
  region size 1024K, 23 young (23552K), 11 survivors (11264K)
 Metaspace       used 21621K, capacity 22228K, committed 22400K, reserved 274432K
  class space    used 2725K, capacity 2940K, committed 2944K, reserved 253952K
}
Event: 17.208 GC heap after
{Heap after GC invocations=4 (full 0):
 garbage-first heap   total 262144K, used 17421K [0x00000000e0000000, 0x0000000100000000)
  region size 1024K, 1 young (1024K), 1 survivors (1024K)
 Metaspace       used 21621K, capacity 22228K, committed 22400K, reserved 274432K
  class space    used 2725K, capacity 2940K, committed 2944K, reserved 253952K
}
Event: 24.897 GC heap before
{Heap before GC invocations=4 (full 0):
 garbage-first heap   total 262144K, used 106509K [0x00000000e0000000, 0x0000000100000000)
  region size 1024K, 90 young (92160K), 1 survivors (1024K)
 Metaspace       used 35000K, capacity 35783K, committed 35840K, reserved 286720K
  class space    used 4521K, capacity 4817K, committed 4864K, reserved 253952K
}
Event: 24.908 GC heap after
{Heap after GC invocations=5 (full 0):
 garbage-first heap   total 262144K, used 21643K [0x00000000e0000000, 0x0000000100000000)
  region size 1024K, 6 young (6144K), 6 survivors (6144K)
 Metaspace       used 35000K, capacity 35783K, committed 35840K, reserved 286720K
  class space    used 4521K, capacity 4817K, committed 4864K, reserved 253952K
}
Event: 30.266 GC heap before
{Heap before GC invocations=6 (full 0):
 garbage-first heap   total 262144K, used 137355K [0x00000000e0000000, 0x0000000100000000)
  region size 1024K, 116 young (118784K), 6 survivors (6144K)
 Metaspace       used 43728K, capacity 44770K, committed 44928K, reserved 292864K
  class space    used 5621K, capacity 6004K, committed 6016K, reserved 253952K
}
Event: 30.285 GC heap after
{Heap after GC invocations=7 (full 0):
 garbage-first heap   total 262144K, used 28942K [0x00000000e0000000, 0x0000000100000000)
  region size 1024K, 13 young (13312K), 13 survivors (13312K)
 Metaspace       used 43728K, capacity 44770K, committed 44928K, reserved 292864K
  class space    used 5621K, capacity 6004K, committed 6016K, reserved 253952K
}

Deoptimization events (10 events):
Event: 34.538 Thread 0x0000020f446fa000 Uncommon trap: reason=profile_predicate action=maybe_recompile pc=0x0000020f3767e1cc method=sun.net.www.ParseUtil.firstEncodeIndex(Ljava/lang/String;)I @ 9 c2
Event: 34.539 Thread 0x0000020f446fa000 Uncommon trap: reason=profile_predicate action=maybe_recompile pc=0x0000020f3767e1cc method=sun.net.www.ParseUtil.firstEncodeIndex(Ljava/lang/String;)I @ 9 c2
Event: 35.574 Thread 0x0000020f446fd000 Uncommon trap: reason=unstable_if action=reinterpret pc=0x0000020f3766b7a4 method=java.util.concurrent.locks.ReentrantLock$Sync.nonfairTryAcquire(I)Z @ 34 c2
Event: 35.574 Thread 0x0000020f446f7800 Uncommon trap: reason=unstable_if action=reinterpret pc=0x0000020f37666b24 method=java.util.concurrent.locks.ReentrantLock$Sync.nonfairTryAcquire(I)Z @ 34 c2
Event: 35.576 Thread 0x0000020f446f7800 Uncommon trap: reason=unstable_if action=reinterpret pc=0x0000020f3751a2c0 method=java.util.concurrent.ConcurrentHashMap.addCount(JI)V @ 34 c2
Event: 35.576 Thread 0x0000020f446fd000 Uncommon trap: reason=unstable_if action=reinterpret pc=0x0000020f3751a2c0 method=java.util.concurrent.ConcurrentHashMap.addCount(JI)V @ 34 c2
Event: 35.618 Thread 0x0000020f446f7800 Uncommon trap: reason=unstable_if action=reinterpret pc=0x0000020f374c862c method=java.util.concurrent.ConcurrentHashMap.addCount(JI)V @ 7 c2
Event: 35.718 Thread 0x0000020f446fe000 Uncommon trap: reason=speculate_null_assert action=make_not_entrant pc=0x0000020f376547ac method=java.lang.invoke.MethodType$ConcurrentWeakInternSet.add(Ljava/lang/Object;)Ljava/lang/Object; @ 47 c2
Event: 37.469 Thread 0x0000020f43c0f000 Uncommon trap: reason=unstable_fused_if action=reinterpret pc=0x0000020f375a11e0 method=java.io.ObjectOutputStream$BlockDataOutputStream.getUTFLength(Ljava/lang/String;)J @ 66 c2
Event: 37.469 Thread 0x0000020f43c0f000 Uncommon trap: reason=unstable_if action=reinterpret pc=0x0000020f37668398 method=java.io.ObjectOutputStream$BlockDataOutputStream.writeUTF(Ljava/lang/String;J)V @ 29 c2

Classes redefined (0 events):
No events

Internal exceptions (10 events):
Event: 32.453 Thread 0x0000020f43c0f000 Exception <a 'java/lang/NoSuchMethodError'{0x00000000ee3ad5e0}: <clinit>> (0x00000000ee3ad5e0) thrown at [t:/workspace/open/src/hotspot/share/prims/jni.cpp, line 1364]
Event: 34.016 Thread 0x0000020f446fa000 Exception <a 'java/lang/NoSuchMethodError'{0x00000000edeb0cc8}: java.lang.invoke.DirectMethodHandle$Holder.invokeStatic(Ljava/lang/Object;Ljava/lang/Object;Ljava/lang/Object;Ljava/lang/Object;Ljava/lang/Object;Ljava/lang/Object;Ljava/lang/Object;)V> (0x00
Event: 34.558 Thread 0x0000020f446fa000 Exception <a 'java/lang/NoSuchMethodError'{0x00000000ed6c3a60}: java.lang.invoke.DirectMethodHandle$Holder.invokeSpecial(Ljava/lang/Object;Ljava/lang/Object;Ljava/lang/Object;ILjava/lang/Object;)Ljava/lang/Object;> (0x00000000ed6c3a60) thrown at [t:/works
Event: 34.558 Thread 0x0000020f446fa000 Exception <a 'java/lang/NoSuchMethodError'{0x00000000ed6cc620}: java.lang.invoke.DirectMethodHandle$Holder.invokeStatic(Ljava/lang/Object;Ljava/lang/Object;Ljava/lang/Object;I)Ljava/lang/Object;> (0x00000000ed6cc620) thrown at [t:/workspace/open/src/hotsp
Event: 34.559 Thread 0x0000020f446fa000 Exception <a 'java/lang/NoSuchMethodError'{0x00000000ed6d02a8}: java.lang.invoke.DirectMethodHandle$Holder.invokeSpecial(Ljava/lang/Object;Ljava/lang/Object;Ljava/lang/Object;Ljava/lang/Object;I)Ljava/lang/Object;> (0x00000000ed6d02a8) thrown at [t:/works
Event: 34.559 Thread 0x0000020f446fa000 Exception <a 'java/lang/NoSuchMethodError'{0x00000000ed6d3858}: java.lang.invoke.Invokers$Holder.linkToTargetMethod(Ljava/lang/Object;Ljava/lang/Object;ILjava/lang/Object;)Ljava/lang/Object;> (0x00000000ed6d3858) thrown at [t:/workspace/open/src/hotspot/s
Event: 35.248 Thread 0x0000020f446fa000 Exception <a 'java/lang/NoSuchMethodError'{0x00000000ed1c7fc8}: java.lang.invoke.DirectMethodHandle$Holder.invokeStaticInit(Ljava/lang/Object;)I> (0x00000000ed1c7fc8) thrown at [t:/workspace/open/src/hotspot/share/interpreter/linkResolver.cpp, line 772]
Event: 35.553 Thread 0x0000020f446fa000 Exception <a 'java/lang/NoSuchMethodError'{0x00000000ece08e48}: java.lang.invoke.DirectMethodHandle$Holder.invokeStatic(Ljava/lang/Object;Ljava/lang/Object;Ljava/lang/Object;ILjava/lang/Object;)V> (0x00000000ece08e48) thrown at [t:/workspace/open/src/hots
Event: 36.767 Thread 0x0000020f446fa000 Exception <a 'java/lang/NoSuchMethodError'{0x00000000ec8e2910}: java.lang.invoke.DirectMethodHandle$Holder.invokeStatic(Ljava/lang/Object;Ljava/lang/Object;Ljava/lang/Object;Ljava/lang/Object;ILjava/lang/Object;)V> (0x00000000ec8e2910) thrown at [t:/works
Event: 36.868 Thread 0x0000020f446fa000 Exception <a 'java/lang/NoSuchMethodError'{0x00000000ec557dd0}: java.lang.invoke.DirectMethodHandle$Holder.invokeVirtual(Ljava/lang/Object;Ljava/lang/Object;)V> (0x00000000ec557dd0) thrown at [t:/workspace/open/src/hotspot/share/interpreter/linkResolver.c

Events (10 events):
Event: 37.661 loading class org/gradle/api/internal/tasks/compile/incremental/deps/ClassDependentsAccumulator done
Event: 37.662 loading class org/gradle/api/internal/file/collections/DefaultConfigurableFileTree
Event: 37.662 loading class org/gradle/api/internal/file/collections/DefaultConfigurableFileTree done
Event: 37.663 loading class org/gradle/api/internal/tasks/compile/incremental/classpath/DefaultClasspathEntrySnapshotter$DirectoryEntryVisitor
Event: 37.663 loading class org/gradle/api/internal/tasks/compile/incremental/classpath/DefaultClasspathEntrySnapshotter$DirectoryEntryVisitor done
Event: 37.663 loading class org/gradle/api/internal/tasks/compile/incremental/classpath/DefaultClasspathEntrySnapshotter$EntryVisitor
Event: 37.663 loading class org/gradle/api/internal/tasks/compile/incremental/classpath/DefaultClasspathEntrySnapshotter$EntryVisitor done
Event: 37.666 Thread 0x0000020f450cd000 Thread added: 0x0000020f450cd000
Event: 37.672 loading class org/gradle/api/internal/tasks/compile/incremental/analyzer/CachingClassDependenciesAnalyzer$1
Event: 37.672 loading class org/gradle/api/internal/tasks/compile/incremental/analyzer/CachingClassDependenciesAnalyzer$1 done


Dynamic libraries:
0x00007ff782f20000 - 0x00007ff782f65000 	C:\Program Files\Java\jdk11\bin\java.exe
0x00007ff8641e0000 - 0x00007ff8643d0000 	C:\WINDOWS\SYSTEM32\ntdll.dll
0x00007ff863e80000 - 0x00007ff863f32000 	C:\WINDOWS\System32\KERNEL32.DLL
0x00007ff861360000 - 0x00007ff861604000 	C:\WINDOWS\System32\KERNELBASE.dll
0x00007ff862890000 - 0x00007ff862a25000 	C:\WINDOWS\System32\USER32.dll
0x00007ff861280000 - 0x00007ff8612a1000 	C:\WINDOWS\System32\win32u.dll
0x00007ff862860000 - 0x00007ff862886000 	C:\WINDOWS\System32\GDI32.dll
0x00007ff8617e0000 - 0x00007ff861976000 	C:\WINDOWS\System32\gdi32full.dll
0x00007ff861670000 - 0x00007ff86170e000 	C:\WINDOWS\System32\msvcp_win.dll
0x00007ff862160000 - 0x00007ff86225a000 	C:\WINDOWS\System32\ucrtbase.dll
0x00007ff859ed0000 - 0x00007ff85a154000 	C:\WINDOWS\WinSxS\amd64_microsoft.windows.common-controls_6595b64144ccf1df_6.0.18362.1016_none_9e7a36bbe461dae4\COMCTL32.dll
0x00007ff863370000 - 0x00007ff86340e000 	C:\WINDOWS\System32\msvcrt.dll
0x00007ff862500000 - 0x00007ff862835000 	C:\WINDOWS\System32\combase.dll
0x00007ff862290000 - 0x00007ff8623b0000 	C:\WINDOWS\System32\RPCRT4.dll
0x00007ff8612e0000 - 0x00007ff861360000 	C:\WINDOWS\System32\bcryptPrimitives.dll
0x00007ff862260000 - 0x00007ff86228e000 	C:\WINDOWS\System32\IMM32.DLL
0x00007ff85d3e0000 - 0x00007ff85d3f6000 	C:\Program Files\Java\jdk11\bin\vcruntime140.dll
0x00007ff852990000 - 0x00007ff852a3a000 	C:\Program Files\Java\jdk11\bin\msvcp140.dll
0x00007ff836bf0000 - 0x00007ff837713000 	C:\Program Files\Java\jdk11\bin\server\jvm.dll
0x00007ff8632c0000 - 0x00007ff863363000 	C:\WINDOWS\System32\ADVAPI32.dll
0x00007ff8623b0000 - 0x00007ff862447000 	C:\WINDOWS\System32\sechost.dll
0x00007ff863b60000 - 0x00007ff863b68000 	C:\WINDOWS\System32\PSAPI.DLL
0x00007ff85c750000 - 0x00007ff85c759000 	C:\WINDOWS\SYSTEM32\WSOCK32.dll
0x00007ff85c880000 - 0x00007ff85c8a4000 	C:\WINDOWS\SYSTEM32\WINMM.dll
0x00007ff858850000 - 0x00007ff85885a000 	C:\WINDOWS\SYSTEM32\VERSION.dll
0x00007ff862a30000 - 0x00007ff862a9f000 	C:\WINDOWS\System32\WS2_32.dll
0x00007ff85c850000 - 0x00007ff85c87d000 	C:\WINDOWS\SYSTEM32\winmmbase.dll
0x00007ff861980000 - 0x00007ff8619ca000 	C:\WINDOWS\System32\cfgmgr32.dll
0x00007ff8610e0000 - 0x00007ff8610f1000 	C:\WINDOWS\System32\kernel.appcore.dll
0x00007ff85d140000 - 0x00007ff85d151000 	C:\Program Files\Java\jdk11\bin\verify.dll
0x00007ff8596b0000 - 0x00007ff8598a4000 	C:\WINDOWS\SYSTEM32\DBGHELP.DLL
0x00007ff8593d0000 - 0x00007ff8593fa000 	C:\WINDOWS\SYSTEM32\dbgcore.DLL
0x00007ff85c8e0000 - 0x00007ff85c908000 	C:\Program Files\Java\jdk11\bin\java.dll
0x00007ff85be70000 - 0x00007ff85be86000 	C:\Program Files\Java\jdk11\bin\zip.dll
0x00007ff85c9a0000 - 0x00007ff85c9aa000 	C:\Program Files\Java\jdk11\bin\jimage.dll
0x00007ff862aa0000 - 0x00007ff863187000 	C:\WINDOWS\System32\SHELL32.dll
0x00007ff862450000 - 0x00007ff8624f9000 	C:\WINDOWS\System32\shcore.dll
0x00007ff8619d0000 - 0x00007ff862152000 	C:\WINDOWS\System32\windows.storage.dll
0x00007ff861100000 - 0x00007ff861123000 	C:\WINDOWS\System32\profapi.dll
0x00007ff861090000 - 0x00007ff8610da000 	C:\WINDOWS\System32\powrprof.dll
0x00007ff861060000 - 0x00007ff861070000 	C:\WINDOWS\System32\UMPDC.dll
0x00007ff863190000 - 0x00007ff8631e2000 	C:\WINDOWS\System32\shlwapi.dll
0x00007ff8617c0000 - 0x00007ff8617d7000 	C:\WINDOWS\System32\cryptsp.dll
0x00007ff85b170000 - 0x00007ff85b189000 	C:\Program Files\Java\jdk11\bin\net.dll
0x00007ff857140000 - 0x00007ff857316000 	C:\WINDOWS\SYSTEM32\urlmon.dll
0x00007ff85af50000 - 0x00007ff85b040000 	C:\WINDOWS\SYSTEM32\WINHTTP.dll
0x00007ff8552c0000 - 0x00007ff855566000 	C:\WINDOWS\SYSTEM32\iertutil.dll
0x00007ff860a30000 - 0x00007ff860a3c000 	C:\WINDOWS\SYSTEM32\CRYPTBASE.DLL
0x00007ff860860000 - 0x00007ff8608c7000 	C:\WINDOWS\system32\mswsock.dll
0x00007ff85a220000 - 0x00007ff85a233000 	C:\Program Files\Java\jdk11\bin\nio.dll
0x00007ff8476d0000 - 0x00007ff8476f7000 	C:\Users\\.gradle\native\9f2fa17c089eee584f3420100432f77ec4c098959e4bf121a4d6054c26537dfb\windows-amd64\native-platform.dll
0x00007ff85bf70000 - 0x00007ff85bf79000 	C:\Program Files\Java\jdk11\bin\management.dll
0x00007ff85b810000 - 0x00007ff85b81c000 	C:\Program Files\Java\jdk11\bin\management_ext.dll
0x00007ff8603d0000 - 0x00007ff860403000 	C:\WINDOWS\system32\rsaenh.dll
0x00007ff8612b0000 - 0x00007ff8612d6000 	C:\WINDOWS\System32\bcrypt.dll
0x00007ff860f80000 - 0x00007ff860fa5000 	C:\WINDOWS\SYSTEM32\USERENV.dll
0x00007ff860570000 - 0x00007ff8605aa000 	C:\WINDOWS\SYSTEM32\IPHLPAPI.DLL
0x00007ff863e00000 - 0x00007ff863e08000 	C:\WINDOWS\System32\NSI.dll
0x00007ff85aec0000 - 0x00007ff85aed6000 	C:\WINDOWS\SYSTEM32\dhcpcsvc6.DLL
0x00007ff85ac40000 - 0x00007ff85ac5c000 	C:\WINDOWS\SYSTEM32\dhcpcsvc.DLL
0x00007ff8605b0000 - 0x00007ff86067b000 	C:\WINDOWS\SYSTEM32\DNSAPI.dll
0x00007ff85a9b0000 - 0x00007ff85a9bb000 	C:\WINDOWS\SYSTEM32\WINNSI.DLL
0x00007ff844210000 - 0x00007ff8443a6000 	C:\Users\\.gradle\native\9f2fa17c089eee584f3420100432f77ec4c098959e4bf121a4d6054c26537dfb\windows-amd64\native-platform-file-events.dll

dbghelp: loaded successfully - version: 4.0.5 - missing functions: none
symbol engine: initialized successfully - sym options: 0x614 - pdb path: .;C:\Program Files\Java\jdk11\bin;C:\WINDOWS\SYSTEM32;C:\WINDOWS\WinSxS\amd64_microsoft.windows.common-controls_6595b64144ccf1df_6.0.18362.1016_none_9e7a36bbe461dae4;C:\Program Files\Java\jdk11\bin\server;C:\Users\\.gradle\native\9f2fa17c089eee584f3420100432f77ec4c098959e4bf121a4d6054c26537dfb\windows-amd64

VM Arguments:
jvm_args: --add-opens=java.base/java.util=ALL-UNNAMED --add-opens=java.base/java.lang=ALL-UNNAMED --add-opens=java.base/java.lang.invoke=ALL-UNNAMED --add-opens=java.prefs/java.util.prefs=ALL-UNNAMED -XX:MaxMetaspaceSize=256m -XX:+HeapDumpOnOutOfMemoryError -Xms256m -Xmx512m -Dfile.encoding=windows-1251 -Duser.country=RU -Duser.language=ru -Duser.variant 
java_command: org.gradle.launcher.daemon.bootstrap.GradleDaemon 6.6
java_class_path (initial): C:\Users\\.gradle\wrapper\dists\gradle-6.6-bin\dflktxzwamd4bv66q00iv4ga9\gradle-6.6\lib\gradle-launcher-6.6.jar
Launcher Type: SUN_STANDARD

[Global flags]
     intx CICompilerCount                          = 3                                         {product} {ergonomic}
   size_t CompressedClassSpaceSize                 = 260046848                                 {product} {ergonomic}
     uint ConcGCThreads                            = 1                                         {product} {ergonomic}
     uint G1ConcRefinementThreads                  = 4                                         {product} {ergonomic}
   size_t G1HeapRegionSize                         = 1048576                                   {product} {ergonomic}
    uintx GCDrainStackTargetSize                   = 64                                        {product} {ergonomic}
     bool HeapDumpOnOutOfMemoryError               = true                                   {manageable} {command line}
   size_t InitialHeapSize                          = 268435456                                 {product} {command line}
   size_t MarkStackSize                            = 4194304                                   {product} {ergonomic}
   size_t MaxHeapSize                              = 536870912                                 {product} {command line}
   size_t MaxMetaspaceSize                         = 268435456                                 {product} {command line}
   size_t MaxNewSize                               = 321912832                                 {product} {ergonomic}
   size_t MinHeapDeltaBytes                        = 1048576                                   {product} {ergonomic}
    uintx NonNMethodCodeHeapSize                   = 5830092                                {pd product} {ergonomic}
    uintx NonProfiledCodeHeapSize                  = 122914074                              {pd product} {ergonomic}
    uintx ProfiledCodeHeapSize                     = 122914074                              {pd product} {ergonomic}
    uintx ReservedCodeCacheSize                    = 251658240                              {pd product} {ergonomic}
     bool SegmentedCodeCache                       = true                                      {product} {ergonomic}
     bool UseCompressedClassPointers               = true                                 {lp64_product} {ergonomic}
     bool UseCompressedOops                        = true                                 {lp64_product} {ergonomic}
     bool UseG1GC                                  = true                                      {product} {ergonomic}
     bool UseLargePagesIndividualAllocation        = false                                  {pd product} {ergonomic}

Logging:
Log output configuration:
 #0: stdout all=warning uptime,level,tags
 #1: stderr all=off uptime,level,tags

Environment Variables:
JAVA_HOME=C:\Tools\jdk-11.0.2
PATH=C:\Dev\Miniconda3;C:\Dev\Miniconda3\Library\mingw-w64\bin;C:\Dev\Miniconda3\Library\usr\bin;C:\Dev\Miniconda3\Library\bin;C:\Dev\Miniconda3\Scripts;C:\WINDOWS\system32;C:\WINDOWS;C:\WINDOWS\System32\Wbem;C:\WINDOWS\System32\WindowsPowerShell\v1.0\;C:\Program Files\Microsoft SQL Server\110\Tools\Binn\;C:\Program Files (x86)\Microsoft SDKs\TypeScript\1.0\;C:\Program Files\Microsoft SQL Server\120\Tools\Binn\;C:\Program Files (x86)\MySQL\MySQL Fabric 1.5 & MySQL Utilities 1.5\;C:\Program Files (x86)\MySQL\MySQL Fabric 1.5 & MySQL Utilities 1.5\Doctrine extensions for PHP\;C:\WINDOWS\system32\config\systemprofile\.dnx\bin;C:\Program Files\Microsoft DNX\Dnvm\;C:\Program Files\Microsoft SQL Server\130\Tools\Binn\;C:\Program Files (x86)\Microsoft SQL Server\110\Tools\Binn\ManagementStudio\;C:\Program Files (x86)\Microsoft SQL Server\110\Tools\Binn\;C:\Program Files (x86)\Microsoft SQL Server\110\DTS\Binn\;C:\Program Files (x86)\Windows Kits\10\Windows Performance Toolkit\;C:\Tools\jdk-11.0.2\bin;c:\Tools\apache-maven-3.5.2\bin;C:\Program Files\TortoiseGit\bin;C:\WINDOWS\System32\OpenSSH\;C:\Program Files\Git\cmd;C:\Program Files\Heroku\bin;C:\Program Files (x86)\nodejs\;C:\Program Files (x86)\Microsoft SQL Server\150\DTS\Binn\;C:\Users\\AppData\Local\Microsoft\WindowsApps;C:\Users\\AppData\Local\GitHubDesktop\bin;";C:\Tools\jdk-11.0.2\bin;C:\Tools\apache-tomcat-8.5.27\bin;c:\Tools\apache-maven-3.5.2\bin";C:\Program Files\Heroku\bin;C:\Users\\AppData\Roaming\npm;C:\Users\\AppData\Local\Programs\Microsoft VS Code\bin
USERNAME=
OS=Windows_NT
PROCESSOR_IDENTIFIER=Intel64 Family 6 Model 58 Stepping 9, GenuineIntel



---------------  S Y S T E M  ---------------

OS: Windows 10 , 64 bit Build 18362 (10.0.18362.959)

CPU:total 4 (initial active 4) (2 cores per cpu, 2 threads per core) family 6 model 58 stepping 9, cmov, cx8, fxsr, mmx, sse, sse2, sse3, ssse3, sse4.1, sse4.2, popcnt, avx, aes, clmul, erms, ht, tsc, tscinvbit, tscinv

Memory: 4k page, system-wide physical 6021M (343M free)
TotalPageFile size 24453M (AvailPageFile size 3M)
current process WorkingSet (physical memory assigned to process): 306M, peak: 306M
current process commit charge ("private bytes"): 452M, peak: 453M

vm_info: OpenJDK 64-Bit Server VM (11.0.2+9) for windows-amd64 JRE (11.0.2+9), built on Jan 18 2019 05:23:22 by "mach5one" with MS VC++ 15.5 (VS2017)

END.
